# JRE version: Java(TM) SE Runtime Environment (19.0.2+7) (build 19.0.2+7-44)
# Java VM: Java HotSpot(TM) 64-Bit Server VM (19.0.2+7-44, mixed mode, sharing, tiered, compressed oops, compressed class ptrs, g1 gc, windows-amd64)
GC Precious Log:
 CardTable entry size: 512
 Card Set container configuration: InlinePtr #cards 5 size 8 Array Of Cards #cards 12 size 40 Howl #buckets 4 coarsen threshold 1843 Howl Bitmap #cards 512 size 80 coarsen threshold 460 Card regions per heap region 1 cards per card region 2048
 CPUs: 8 total, 8 available
 Memory: 6018M
 Large Page Support: Disabled
 NUMA Support: Disabled
 Compressed Oops: Enabled (32-bit)
 Heap Region Size: 1M
 Heap Min Capacity: 8M
 Heap Initial Capacity: 96M
 Heap Max Capacity: 1506M
 Pre-touch: Disabled
 Parallel Workers: 8
 Concurrent Workers: 2
 Concurrent Refinement Workers: 8
 Periodic GC: Disabled
Heap:
 garbage-first heap   total 109568K, used 66160K [0x00000000a1e00000, 0x0000000100000000)
  region size 1024K, 26 young (26624K), 5 survivors (5120K)
 Metaspace       used 85003K, committed 85824K, reserved 1179648K
  class space    used 11161K, committed 11584K, reserved 1048576K
GC Heap History (20 events):
Event: 18.001 GC heap before
{Heap before GC invocations=18 (full 0):
 garbage-first heap   total 86016K, used 70131K [0x00000000a1e00000, 0x0000000100000000)
  region size 1024K, 48 young (49152K), 4 survivors (4096K)
 Metaspace       used 56505K, committed 57152K, reserved 1114112K
  class space    used 7236K, committed 7552K, reserved 1048576K
}
Event: 18.014 GC heap after
{Heap after GC invocations=19 (full 0):
 garbage-first heap   total 86016K, used 26747K [0x00000000a1e00000, 0x0000000100000000)
  region size 1024K, 3 young (3072K), 3 survivors (3072K)
 Metaspace       used 56505K, committed 57152K, reserved 1114112K
  class space    used 7236K, committed 7552K, reserved 1048576K
}
Event: 20.036 GC heap before
{Heap before GC invocations=19 (full 0):
 garbage-first heap   total 86016K, used 68731K [0x00000000a1e00000, 0x0000000100000000)
  region size 1024K, 45 young (46080K), 3 survivors (3072K)
 Metaspace       used 60004K, committed 60608K, reserved 1114112K
  class space    used 7635K, committed 7936K, reserved 1048576K
}
Event: 20.056 GC heap after
{Heap after GC invocations=20 (full 0):
 garbage-first heap   total 172032K, used 29487K [0x00000000a1e00000, 0x0000000100000000)
  region size 1024K, 6 young (6144K), 6 survivors (6144K)
 Metaspace       used 60004K, committed 60608K, reserved 1114112K
  class space    used 7635K, committed 7936K, reserved 1048576K
}
Event: 21.203 GC heap before
{Heap before GC invocations=21 (full 0):
 garbage-first heap   total 109568K, used 87855K [0x00000000a1e00000, 0x0000000100000000)
  region size 1024K, 64 young (65536K), 6 survivors (6144K)
 Metaspace       used 64476K, committed 65088K, reserved 1114112K
  class space    used 8501K, committed 8768K, reserved 1048576K
}
Event: 21.231 GC heap after
{Heap after GC invocations=22 (full 0):
 garbage-first heap   total 109568K, used 32277K [0x00000000a1e00000, 0x0000000100000000)
  region size 1024K, 7 young (7168K), 7 survivors (7168K)
 Metaspace       used 64476K, committed 65088K, reserved 1114112K
  class space    used 8501K, committed 8768K, reserved 1048576K
}
Event: 21.248 GC heap before
{Heap before GC invocations=22 (full 0):
 garbage-first heap   total 109568K, used 33301K [0x00000000a1e00000, 0x0000000100000000)
  region size 1024K, 8 young (8192K), 7 survivors (7168K)
 Metaspace       used 64577K, committed 65216K, reserved 1114112K
  class space    used 8531K, committed 8832K, reserved 1048576K
}
Event: 21.266 GC heap after
{Heap after GC invocations=23 (full 0):
 garbage-first heap   total 109568K, used 32699K [0x00000000a1e00000, 0x0000000100000000)
  region size 1024K, 1 young (1024K), 1 survivors (1024K)
 Metaspace       used 64577K, committed 65216K, reserved 1114112K
  class space    used 8531K, committed 8832K, reserved 1048576K
}
Event: 22.637 GC heap before
{Heap before GC invocations=23 (full 0):
 garbage-first heap   total 109568K, used 90043K [0x00000000a1e00000, 0x0000000100000000)
  region size 1024K, 58 young (59392K), 1 survivors (1024K)
 Metaspace       used 67932K, committed 68544K, reserved 1114112K
  class space    used 8989K, committed 9280K, reserved 1048576K
}
Event: 22.642 GC heap after
{Heap after GC invocations=24 (full 0):
 garbage-first heap   total 109568K, used 34433K [0x00000000a1e00000, 0x0000000100000000)
  region size 1024K, 3 young (3072K), 3 survivors (3072K)
 Metaspace       used 67932K, committed 68544K, reserved 1114112K
  class space    used 8989K, committed 9280K, reserved 1048576K
}
Event: 23.350 GC heap before
{Heap before GC invocations=24 (full 0):
 garbage-first heap   total 109568K, used 89729K [0x00000000a1e00000, 0x0000000100000000)
  region size 1024K, 57 young (58368K), 3 survivors (3072K)
 Metaspace       used 68831K, committed 69504K, reserved 1114112K
  class space    used 9170K, committed 9472K, reserved 1048576K
}
Event: 23.358 GC heap after
{Heap after GC invocations=25 (full 0):
 garbage-first heap   total 109568K, used 36850K [0x00000000a1e00000, 0x0000000100000000)
  region size 1024K, 6 young (6144K), 6 survivors (6144K)
 Metaspace       used 68831K, committed 69504K, reserved 1114112K
  class space    used 9170K, committed 9472K, reserved 1048576K
}
Event: 24.038 GC heap before
{Heap before GC invocations=25 (full 0):
 garbage-first heap   total 109568K, used 90098K [0x00000000a1e00000, 0x0000000100000000)
  region size 1024K, 58 young (59392K), 6 survivors (6144K)
 Metaspace       used 69685K, committed 70400K, reserved 1114112K
  class space    used 9253K, committed 9600K, reserved 1048576K
}
Event: 24.047 GC heap after
{Heap after GC invocations=26 (full 0):
 garbage-first heap   total 109568K, used 39398K [0x00000000a1e00000, 0x0000000100000000)
  region size 1024K, 5 young (5120K), 5 survivors (5120K)
 Metaspace       used 69685K, committed 70400K, reserved 1114112K
  class space    used 9253K, committed 9600K, reserved 1048576K
}
Event: 25.282 GC heap before
{Heap before GC invocations=26 (full 0):
 garbage-first heap   total 109568K, used 90598K [0x00000000a1e00000, 0x0000000100000000)
  region size 1024K, 55 young (56320K), 5 survivors (5120K)
 Metaspace       used 72334K, committed 73088K, reserved 1114112K
  class space    used 9605K, committed 9984K, reserved 1048576K
}
Event: 25.291 GC heap after
{Heap after GC invocations=27 (full 0):
 garbage-first heap   total 109568K, used 41896K [0x00000000a1e00000, 0x0000000100000000)
  region size 1024K, 5 young (5120K), 5 survivors (5120K)
 Metaspace       used 72334K, committed 73088K, reserved 1114112K
  class space    used 9605K, committed 9984K, reserved 1048576K
}
Event: 34.800 GC heap before
{Heap before GC invocations=27 (full 0):
 garbage-first heap   total 109568K, used 90024K [0x00000000a1e00000, 0x0000000100000000)
  region size 1024K, 53 young (54272K), 5 survivors (5120K)
 Metaspace       used 76088K, committed 76800K, reserved 1179648K
  class space    used 10081K, committed 10432K, reserved 1048576K
}
Event: 34.812 GC heap after
{Heap after GC invocations=28 (full 0):
 garbage-first heap   total 109568K, used 44180K [0x00000000a1e00000, 0x0000000100000000)
  region size 1024K, 5 young (5120K), 5 survivors (5120K)
 Metaspace       used 76088K, committed 76800K, reserved 1179648K
  class space    used 10081K, committed 10432K, reserved 1048576K
}
Event: 155.617 GC heap before
{Heap before GC invocations=28 (full 0):
 garbage-first heap   total 109568K, used 89236K [0x00000000a1e00000, 0x0000000100000000)
  region size 1024K, 50 young (51200K), 5 survivors (5120K)
 Metaspace       used 83174K, committed 84032K, reserved 1179648K
  class space    used 10930K, committed 11328K, reserved 1048576K
}
Event: 155.641 GC heap after
{Heap after GC invocations=29 (full 0):
 garbage-first heap   total 109568K, used 46704K [0x00000000a1e00000, 0x0000000100000000)
  region size 1024K, 5 young (5120K), 5 survivors (5120K)
 Metaspace       used 83174K, committed 84032K, reserved 1179648K
  class space    used 10930K, committed 11328K, reserved 1048576K
}

